0 info it worked if it ends with ok
1 verbose cli [ '/usr/local/bin/node',
1 verbose cli   '/usr/local/bin/npm',
1 verbose cli   'install',
1 verbose cli   '-g',
1 verbose cli   'gig' ]
2 info using npm@4.0.3
3 info using node@v7.2.0
4 silly loadCurrentTree Starting
5 silly install loadCurrentTree
6 silly install readGlobalPackageData
7 silly fetchPackageMetaData gig
8 silly fetchNamedPackageData gig
9 silly mapToRegistry name gig
10 silly mapToRegistry using default registry
11 silly mapToRegistry registry https://registry.npmjs.org/
12 silly mapToRegistry data Result {
12 silly mapToRegistry   raw: 'gig',
12 silly mapToRegistry   scope: null,
12 silly mapToRegistry   escapedName: 'gig',
12 silly mapToRegistry   name: 'gig',
12 silly mapToRegistry   rawSpec: '',
12 silly mapToRegistry   spec: 'latest',
12 silly mapToRegistry   type: 'tag' }
13 silly mapToRegistry uri https://registry.npmjs.org/gig
14 verbose request uri https://registry.npmjs.org/gig
15 verbose request no auth needed
16 info attempt registry request try #1 at 18:51:52
17 verbose request id d6b51ba3f29dcacc
18 verbose etag W/"58345f2e-7401"
19 verbose lastModified Tue, 22 Nov 2016 15:07:26 GMT
20 http request GET https://registry.npmjs.org/gig
21 http 304 https://registry.npmjs.org/gig
22 verbose headers { date: 'Fri, 02 Dec 2016 18:51:53 GMT',
22 verbose headers   via: '1.1 varnish',
22 verbose headers   'cache-control': 'max-age=300',
22 verbose headers   etag: 'W/"58345f2e-7401"',
22 verbose headers   age: '62',
22 verbose headers   connection: 'keep-alive',
22 verbose headers   'x-served-by': 'cache-lcy1149-LCY',
22 verbose headers   'x-cache': 'HIT',
22 verbose headers   'x-cache-hits': '5',
22 verbose headers   'x-timer': 'S1480704713.286751,VS0,VE0',
22 verbose headers   vary: 'Accept-Encoding' }
23 silly get cb [ 304,
23 silly get   { date: 'Fri, 02 Dec 2016 18:51:53 GMT',
23 silly get     via: '1.1 varnish',
23 silly get     'cache-control': 'max-age=300',
23 silly get     etag: 'W/"58345f2e-7401"',
23 silly get     age: '62',
23 silly get     connection: 'keep-alive',
23 silly get     'x-served-by': 'cache-lcy1149-LCY',
23 silly get     'x-cache': 'HIT',
23 silly get     'x-cache-hits': '5',
23 silly get     'x-timer': 'S1480704713.286751,VS0,VE0',
23 silly get     vary: 'Accept-Encoding' } ]
24 verbose etag https://registry.npmjs.org/gig from cache
25 verbose get saving gig to /home/jacko/.npm/registry.npmjs.org/gig/.cache.json
26 verbose correctMkdir /home/jacko/.npm correctMkdir not in flight; initializing
27 silly install normalizeTree
28 silly loadCurrentTree Finishing
29 silly loadIdealTree Starting
30 silly install loadIdealTree
31 silly cloneCurrentTree Starting
32 silly install cloneCurrentTreeToIdealTree
33 silly cloneCurrentTree Finishing
34 silly loadShrinkwrap Starting
35 silly install loadShrinkwrap
36 silly loadShrinkwrap Finishing
37 silly loadAllDepsIntoIdealTree Starting
38 silly install loadAllDepsIntoIdealTree
39 silly resolveWithNewModule gig@1.0.0 checking installable status
40 silly cache add args [ 'gig', null ]
41 verbose cache add spec gig
42 silly cache add parsed spec Result {
42 silly cache add   raw: 'gig',
42 silly cache add   scope: null,
42 silly cache add   escapedName: 'gig',
42 silly cache add   name: 'gig',
42 silly cache add   rawSpec: '',
42 silly cache add   spec: 'latest',
42 silly cache add   type: 'tag' }
43 silly addNamed gig@latest
44 verbose addNamed "latest" is being treated as a dist-tag for gig
45 info addNameTag [ 'gig', 'latest' ]
46 silly mapToRegistry name gig
47 silly mapToRegistry using default registry
48 silly mapToRegistry registry https://registry.npmjs.org/
49 silly mapToRegistry data Result {
49 silly mapToRegistry   raw: 'gig',
49 silly mapToRegistry   scope: null,
49 silly mapToRegistry   escapedName: 'gig',
49 silly mapToRegistry   name: 'gig',
49 silly mapToRegistry   rawSpec: '',
49 silly mapToRegistry   spec: 'latest',
49 silly mapToRegistry   type: 'tag' }
50 silly mapToRegistry uri https://registry.npmjs.org/gig
51 verbose addNameTag registry:https://registry.npmjs.org/gig not in flight; fetching
52 verbose get https://registry.npmjs.org/gig not expired, no request
53 silly addNameTag next cb for gig with tag latest
54 silly addNamed gig@1.0.0
55 verbose addNamed "1.0.0" is a plain semver version for gig
56 silly cache afterAdd gig@1.0.0
57 verbose afterAdd /home/jacko/.npm/gig/1.0.0/package/package.json not in flight; writing
58 verbose correctMkdir /home/jacko/.npm correctMkdir not in flight; initializing
59 verbose afterAdd /home/jacko/.npm/gig/1.0.0/package/package.json written
60 silly fetchNamedPackageData colors
61 silly mapToRegistry name colors
62 silly mapToRegistry using default registry
63 silly mapToRegistry registry https://registry.npmjs.org/
64 silly mapToRegistry data Result {
64 silly mapToRegistry   raw: 'colors',
64 silly mapToRegistry   scope: null,
64 silly mapToRegistry   escapedName: 'colors',
64 silly mapToRegistry   name: 'colors',
64 silly mapToRegistry   rawSpec: '',
64 silly mapToRegistry   spec: 'latest',
64 silly mapToRegistry   type: 'tag' }
65 silly mapToRegistry uri https://registry.npmjs.org/colors
66 silly fetchNamedPackageData mkdirp
67 silly mapToRegistry name mkdirp
68 silly mapToRegistry using default registry
69 silly mapToRegistry registry https://registry.npmjs.org/
70 silly mapToRegistry data Result {
70 silly mapToRegistry   raw: 'mkdirp',
70 silly mapToRegistry   scope: null,
70 silly mapToRegistry   escapedName: 'mkdirp',
70 silly mapToRegistry   name: 'mkdirp',
70 silly mapToRegistry   rawSpec: '',
70 silly mapToRegistry   spec: 'latest',
70 silly mapToRegistry   type: 'tag' }
71 silly mapToRegistry uri https://registry.npmjs.org/mkdirp
72 silly fetchNamedPackageData nopt
73 silly mapToRegistry name nopt
74 silly mapToRegistry using default registry
75 silly mapToRegistry registry https://registry.npmjs.org/
76 silly mapToRegistry data Result {
76 silly mapToRegistry   raw: 'nopt',
76 silly mapToRegistry   scope: null,
76 silly mapToRegistry   escapedName: 'nopt',
76 silly mapToRegistry   name: 'nopt',
76 silly mapToRegistry   rawSpec: '',
76 silly mapToRegistry   spec: 'latest',
76 silly mapToRegistry   type: 'tag' }
77 silly mapToRegistry uri https://registry.npmjs.org/nopt
78 verbose request uri https://registry.npmjs.org/colors
79 verbose request no auth needed
80 info attempt registry request try #1 at 18:51:53
81 verbose etag W/"583f3ab1-56c9"
82 verbose lastModified Wed, 30 Nov 2016 20:46:41 GMT
83 http request GET https://registry.npmjs.org/colors
84 verbose request uri https://registry.npmjs.org/mkdirp
85 verbose request no auth needed
86 info attempt registry request try #1 at 18:51:53
87 verbose etag W/"583edc2b-6098"
88 verbose lastModified Wed, 30 Nov 2016 14:03:23 GMT
89 http request GET https://registry.npmjs.org/mkdirp
90 verbose request uri https://registry.npmjs.org/nopt
91 verbose request no auth needed
92 info attempt registry request try #1 at 18:51:53
93 verbose etag W/"581a7007-7af9"
94 verbose lastModified Wed, 02 Nov 2016 23:00:23 GMT
95 http request GET https://registry.npmjs.org/nopt
96 http 304 https://registry.npmjs.org/colors
97 verbose headers { date: 'Fri, 02 Dec 2016 18:51:54 GMT',
97 verbose headers   via: '1.1 varnish',
97 verbose headers   'cache-control': 'max-age=300',
97 verbose headers   etag: 'W/"583f3ab1-56c9"',
97 verbose headers   age: '191',
97 verbose headers   connection: 'keep-alive',
97 verbose headers   'x-served-by': 'cache-lcy1149-LCY',
97 verbose headers   'x-cache': 'HIT',
97 verbose headers   'x-cache-hits': '6',
97 verbose headers   'x-timer': 'S1480704714.225900,VS0,VE0',
97 verbose headers   vary: 'Accept-Encoding' }
98 silly get cb [ 304,
98 silly get   { date: 'Fri, 02 Dec 2016 18:51:54 GMT',
98 silly get     via: '1.1 varnish',
98 silly get     'cache-control': 'max-age=300',
98 silly get     etag: 'W/"583f3ab1-56c9"',
98 silly get     age: '191',
98 silly get     connection: 'keep-alive',
98 silly get     'x-served-by': 'cache-lcy1149-LCY',
98 silly get     'x-cache': 'HIT',
98 silly get     'x-cache-hits': '6',
98 silly get     'x-timer': 'S1480704714.225900,VS0,VE0',
98 silly get     vary: 'Accept-Encoding' } ]
99 verbose etag https://registry.npmjs.org/colors from cache
100 verbose get saving colors to /home/jacko/.npm/registry.npmjs.org/colors/.cache.json
101 verbose correctMkdir /home/jacko/.npm correctMkdir not in flight; initializing
102 silly resolveWithNewModule colors@1.1.2 checking installable status
103 silly cache add args [ 'colors@^1.1.2', null ]
104 verbose cache add spec colors@^1.1.2
105 silly cache add parsed spec Result {
105 silly cache add   raw: 'colors@^1.1.2',
105 silly cache add   scope: null,
105 silly cache add   escapedName: 'colors',
105 silly cache add   name: 'colors',
105 silly cache add   rawSpec: '^1.1.2',
105 silly cache add   spec: '>=1.1.2 <2.0.0',
105 silly cache add   type: 'range' }
106 silly addNamed colors@>=1.1.2 <2.0.0
107 verbose addNamed ">=1.1.2 <2.0.0" is a valid semver range for colors
108 silly addNameRange { name: 'colors', range: '>=1.1.2 <2.0.0', hasData: false }
109 silly mapToRegistry name colors
110 silly mapToRegistry using default registry
111 silly mapToRegistry registry https://registry.npmjs.org/
112 silly mapToRegistry data Result {
112 silly mapToRegistry   raw: 'colors',
112 silly mapToRegistry   scope: null,
112 silly mapToRegistry   escapedName: 'colors',
112 silly mapToRegistry   name: 'colors',
112 silly mapToRegistry   rawSpec: '',
112 silly mapToRegistry   spec: 'latest',
112 silly mapToRegistry   type: 'tag' }
113 silly mapToRegistry uri https://registry.npmjs.org/colors
114 verbose addNameRange registry:https://registry.npmjs.org/colors not in flight; fetching
115 verbose get https://registry.npmjs.org/colors not expired, no request
116 silly addNameRange number 2 { name: 'colors', range: '>=1.1.2 <2.0.0', hasData: true }
117 silly addNameRange versions [ 'colors',
117 silly addNameRange   [ '0.3.0',
117 silly addNameRange     '0.5.0',
117 silly addNameRange     '0.5.1',
117 silly addNameRange     '0.6.0',
117 silly addNameRange     '0.6.0-1',
117 silly addNameRange     '0.6.1',
117 silly addNameRange     '0.6.2',
117 silly addNameRange     '1.0.0',
117 silly addNameRange     '1.0.1',
117 silly addNameRange     '1.0.2',
117 silly addNameRange     '1.0.3',
117 silly addNameRange     '1.1.0',
117 silly addNameRange     '1.1.1',
117 silly addNameRange     '1.1.2' ] ]
118 silly addNamed colors@1.1.2
119 verbose addNamed "1.1.2" is a plain semver version for colors
120 silly cache afterAdd colors@1.1.2
121 verbose afterAdd /home/jacko/.npm/colors/1.1.2/package/package.json not in flight; writing
122 verbose correctMkdir /home/jacko/.npm correctMkdir not in flight; initializing
123 verbose afterAdd /home/jacko/.npm/colors/1.1.2/package/package.json written
124 http 304 https://registry.npmjs.org/mkdirp
125 verbose headers { date: 'Fri, 02 Dec 2016 18:51:54 GMT',
125 verbose headers   via: '1.1 varnish',
125 verbose headers   'cache-control': 'max-age=300',
125 verbose headers   etag: 'W/"583edc2b-6098"',
125 verbose headers   age: '153',
125 verbose headers   connection: 'keep-alive',
125 verbose headers   'x-served-by': 'cache-lcy1121-LCY',
125 verbose headers   'x-cache': 'HIT',
125 verbose headers   'x-cache-hits': '7',
125 verbose headers   'x-timer': 'S1480704714.389517,VS0,VE0',
125 verbose headers   vary: 'Accept-Encoding' }
126 silly get cb [ 304,
126 silly get   { date: 'Fri, 02 Dec 2016 18:51:54 GMT',
126 silly get     via: '1.1 varnish',
126 silly get     'cache-control': 'max-age=300',
126 silly get     etag: 'W/"583edc2b-6098"',
126 silly get     age: '153',
126 silly get     connection: 'keep-alive',
126 silly get     'x-served-by': 'cache-lcy1121-LCY',
126 silly get     'x-cache': 'HIT',
126 silly get     'x-cache-hits': '7',
126 silly get     'x-timer': 'S1480704714.389517,VS0,VE0',
126 silly get     vary: 'Accept-Encoding' } ]
127 verbose etag https://registry.npmjs.org/mkdirp from cache
128 verbose get saving mkdirp to /home/jacko/.npm/registry.npmjs.org/mkdirp/.cache.json
129 verbose correctMkdir /home/jacko/.npm correctMkdir not in flight; initializing
130 http 304 https://registry.npmjs.org/nopt
131 verbose headers { date: 'Fri, 02 Dec 2016 18:51:54 GMT',
131 verbose headers   via: '1.1 varnish',
131 verbose headers   'cache-control': 'max-age=300',
131 verbose headers   etag: 'W/"581a7007-7af9"',
131 verbose headers   age: '177',
131 verbose headers   connection: 'keep-alive',
131 verbose headers   'x-served-by': 'cache-lcy1147-LCY',
131 verbose headers   'x-cache': 'HIT',
131 verbose headers   'x-cache-hits': '3',
131 verbose headers   'x-timer': 'S1480704714.391478,VS0,VE0',
131 verbose headers   vary: 'Accept-Encoding' }
132 silly get cb [ 304,
132 silly get   { date: 'Fri, 02 Dec 2016 18:51:54 GMT',
132 silly get     via: '1.1 varnish',
132 silly get     'cache-control': 'max-age=300',
132 silly get     etag: 'W/"581a7007-7af9"',
132 silly get     age: '177',
132 silly get     connection: 'keep-alive',
132 silly get     'x-served-by': 'cache-lcy1147-LCY',
132 silly get     'x-cache': 'HIT',
132 silly get     'x-cache-hits': '3',
132 silly get     'x-timer': 'S1480704714.391478,VS0,VE0',
132 silly get     vary: 'Accept-Encoding' } ]
133 verbose etag https://registry.npmjs.org/nopt from cache
134 verbose get saving nopt to /home/jacko/.npm/registry.npmjs.org/nopt/.cache.json
135 verbose correctMkdir /home/jacko/.npm correctMkdir not in flight; initializing
136 silly resolveWithNewModule mkdirp@0.5.1 checking installable status
137 silly cache add args [ 'mkdirp@^0.5.1', null ]
138 verbose cache add spec mkdirp@^0.5.1
139 silly cache add parsed spec Result {
139 silly cache add   raw: 'mkdirp@^0.5.1',
139 silly cache add   scope: null,
139 silly cache add   escapedName: 'mkdirp',
139 silly cache add   name: 'mkdirp',
139 silly cache add   rawSpec: '^0.5.1',
139 silly cache add   spec: '>=0.5.1 <0.6.0',
139 silly cache add   type: 'range' }
140 silly addNamed mkdirp@>=0.5.1 <0.6.0
141 verbose addNamed ">=0.5.1 <0.6.0" is a valid semver range for mkdirp
142 silly addNameRange { name: 'mkdirp', range: '>=0.5.1 <0.6.0', hasData: false }
143 silly mapToRegistry name mkdirp
144 silly mapToRegistry using default registry
145 silly mapToRegistry registry https://registry.npmjs.org/
146 silly mapToRegistry data Result {
146 silly mapToRegistry   raw: 'mkdirp',
146 silly mapToRegistry   scope: null,
146 silly mapToRegistry   escapedName: 'mkdirp',
146 silly mapToRegistry   name: 'mkdirp',
146 silly mapToRegistry   rawSpec: '',
146 silly mapToRegistry   spec: 'latest',
146 silly mapToRegistry   type: 'tag' }
147 silly mapToRegistry uri https://registry.npmjs.org/mkdirp
148 verbose addNameRange registry:https://registry.npmjs.org/mkdirp not in flight; fetching
149 silly resolveWithNewModule nopt@3.0.6 checking installable status
150 silly cache add args [ 'nopt@^3.0.6', null ]
151 verbose cache add spec nopt@^3.0.6
152 silly cache add parsed spec Result {
152 silly cache add   raw: 'nopt@^3.0.6',
152 silly cache add   scope: null,
152 silly cache add   escapedName: 'nopt',
152 silly cache add   name: 'nopt',
152 silly cache add   rawSpec: '^3.0.6',
152 silly cache add   spec: '>=3.0.6 <4.0.0',
152 silly cache add   type: 'range' }
153 silly addNamed nopt@>=3.0.6 <4.0.0
154 verbose addNamed ">=3.0.6 <4.0.0" is a valid semver range for nopt
155 silly addNameRange { name: 'nopt', range: '>=3.0.6 <4.0.0', hasData: false }
156 silly mapToRegistry name nopt
157 silly mapToRegistry using default registry
158 silly mapToRegistry registry https://registry.npmjs.org/
159 silly mapToRegistry data Result {
159 silly mapToRegistry   raw: 'nopt',
159 silly mapToRegistry   scope: null,
159 silly mapToRegistry   escapedName: 'nopt',
159 silly mapToRegistry   name: 'nopt',
159 silly mapToRegistry   rawSpec: '',
159 silly mapToRegistry   spec: 'latest',
159 silly mapToRegistry   type: 'tag' }
160 silly mapToRegistry uri https://registry.npmjs.org/nopt
161 verbose addNameRange registry:https://registry.npmjs.org/nopt not in flight; fetching
162 verbose get https://registry.npmjs.org/mkdirp not expired, no request
163 silly addNameRange number 2 { name: 'mkdirp', range: '>=0.5.1 <0.6.0', hasData: true }
164 silly addNameRange versions [ 'mkdirp',
164 silly addNameRange   [ '0.0.1',
164 silly addNameRange     '0.0.2',
164 silly addNameRange     '0.0.3',
164 silly addNameRange     '0.0.4',
164 silly addNameRange     '0.0.5',
164 silly addNameRange     '0.0.6',
164 silly addNameRange     '0.0.7',
164 silly addNameRange     '0.1.0',
164 silly addNameRange     '0.2.0',
164 silly addNameRange     '0.2.1',
164 silly addNameRange     '0.2.2',
164 silly addNameRange     '0.3.0',
164 silly addNameRange     '0.3.1',
164 silly addNameRange     '0.3.2',
164 silly addNameRange     '0.3.3',
164 silly addNameRange     '0.3.4',
164 silly addNameRange     '0.3.5',
164 silly addNameRange     '0.4.0',
164 silly addNameRange     '0.4.1',
164 silly addNameRange     '0.4.2',
164 silly addNameRange     '0.5.0',
164 silly addNameRange     '0.5.1' ] ]
165 silly addNamed mkdirp@0.5.1
166 verbose addNamed "0.5.1" is a plain semver version for mkdirp
167 verbose get https://registry.npmjs.org/nopt not expired, no request
168 silly addNameRange number 2 { name: 'nopt', range: '>=3.0.6 <4.0.0', hasData: true }
169 silly addNameRange versions [ 'nopt',
169 silly addNameRange   [ '1.0.0',
169 silly addNameRange     '1.0.1',
169 silly addNameRange     '1.0.2',
169 silly addNameRange     '1.0.3',
169 silly addNameRange     '1.0.4',
169 silly addNameRange     '1.0.5',
169 silly addNameRange     '1.0.6',
169 silly addNameRange     '1.0.7',
169 silly addNameRange     '1.0.8',
169 silly addNameRange     '1.0.9',
169 silly addNameRange     '1.0.10',
169 silly addNameRange     '2.0.0',
169 silly addNameRange     '2.1.0',
169 silly addNameRange     '2.1.1',
169 silly addNameRange     '2.1.2',
169 silly addNameRange     '2.2.0',
169 silly addNameRange     '2.2.1',
169 silly addNameRange     '3.0.0',
169 silly addNameRange     '3.0.1',
169 silly addNameRange     '3.0.2',
169 silly addNameRange     '3.0.3',
169 silly addNameRange     '3.0.4',
169 silly addNameRange     '3.0.5',
169 silly addNameRange     '3.0.6' ] ]
170 silly addNamed nopt@3.0.6
171 verbose addNamed "3.0.6" is a plain semver version for nopt
172 silly cache afterAdd mkdirp@0.5.1
173 verbose afterAdd /home/jacko/.npm/mkdirp/0.5.1/package/package.json not in flight; writing
174 verbose correctMkdir /home/jacko/.npm correctMkdir not in flight; initializing
175 silly cache afterAdd nopt@3.0.6
176 verbose afterAdd /home/jacko/.npm/nopt/3.0.6/package/package.json not in flight; writing
177 verbose correctMkdir /home/jacko/.npm correctMkdir not in flight; initializing
178 verbose afterAdd /home/jacko/.npm/mkdirp/0.5.1/package/package.json written
179 verbose afterAdd /home/jacko/.npm/nopt/3.0.6/package/package.json written
180 silly fetchNamedPackageData minimist
181 silly mapToRegistry name minimist
182 silly mapToRegistry using default registry
183 silly mapToRegistry registry https://registry.npmjs.org/
184 silly mapToRegistry data Result {
184 silly mapToRegistry   raw: 'minimist',
184 silly mapToRegistry   scope: null,
184 silly mapToRegistry   escapedName: 'minimist',
184 silly mapToRegistry   name: 'minimist',
184 silly mapToRegistry   rawSpec: '',
184 silly mapToRegistry   spec: 'latest',
184 silly mapToRegistry   type: 'tag' }
185 silly mapToRegistry uri https://registry.npmjs.org/minimist
186 verbose request uri https://registry.npmjs.org/minimist
187 verbose request no auth needed
188 info attempt registry request try #1 at 18:51:54
189 verbose etag W/"583edd12-7206"
190 verbose lastModified Wed, 30 Nov 2016 14:07:14 GMT
191 http request GET https://registry.npmjs.org/minimist
192 http 304 https://registry.npmjs.org/minimist
193 verbose headers { date: 'Fri, 02 Dec 2016 18:51:54 GMT',
193 verbose headers   via: '1.1 varnish',
193 verbose headers   'cache-control': 'max-age=300',
193 verbose headers   etag: 'W/"583edd12-7206"',
193 verbose headers   age: '59',
193 verbose headers   connection: 'keep-alive',
193 verbose headers   'x-served-by': 'cache-lcy1149-LCY',
193 verbose headers   'x-cache': 'HIT',
193 verbose headers   'x-cache-hits': '3',
193 verbose headers   'x-timer': 'S1480704714.792075,VS0,VE0',
193 verbose headers   vary: 'Accept-Encoding' }
194 silly get cb [ 304,
194 silly get   { date: 'Fri, 02 Dec 2016 18:51:54 GMT',
194 silly get     via: '1.1 varnish',
194 silly get     'cache-control': 'max-age=300',
194 silly get     etag: 'W/"583edd12-7206"',
194 silly get     age: '59',
194 silly get     connection: 'keep-alive',
194 silly get     'x-served-by': 'cache-lcy1149-LCY',
194 silly get     'x-cache': 'HIT',
194 silly get     'x-cache-hits': '3',
194 silly get     'x-timer': 'S1480704714.792075,VS0,VE0',
194 silly get     vary: 'Accept-Encoding' } ]
195 verbose etag https://registry.npmjs.org/minimist from cache
196 verbose get saving minimist to /home/jacko/.npm/registry.npmjs.org/minimist/.cache.json
197 verbose correctMkdir /home/jacko/.npm correctMkdir not in flight; initializing
198 silly resolveWithNewModule minimist@0.0.8 checking installable status
199 silly cache add args [ 'minimist@0.0.8', null ]
200 verbose cache add spec minimist@0.0.8
201 silly cache add parsed spec Result {
201 silly cache add   raw: 'minimist@0.0.8',
201 silly cache add   scope: null,
201 silly cache add   escapedName: 'minimist',
201 silly cache add   name: 'minimist',
201 silly cache add   rawSpec: '0.0.8',
201 silly cache add   spec: '0.0.8',
201 silly cache add   type: 'version' }
202 silly addNamed minimist@0.0.8
203 verbose addNamed "0.0.8" is a plain semver version for minimist
204 silly mapToRegistry name minimist
205 silly mapToRegistry using default registry
206 silly mapToRegistry registry https://registry.npmjs.org/
207 silly mapToRegistry data Result {
207 silly mapToRegistry   raw: 'minimist',
207 silly mapToRegistry   scope: null,
207 silly mapToRegistry   escapedName: 'minimist',
207 silly mapToRegistry   name: 'minimist',
207 silly mapToRegistry   rawSpec: '',
207 silly mapToRegistry   spec: 'latest',
207 silly mapToRegistry   type: 'tag' }
208 silly mapToRegistry uri https://registry.npmjs.org/minimist
209 verbose addNameVersion registry:https://registry.npmjs.org/minimist not in flight; fetching
210 verbose get https://registry.npmjs.org/minimist not expired, no request
211 silly cache afterAdd minimist@0.0.8
212 verbose afterAdd /home/jacko/.npm/minimist/0.0.8/package/package.json not in flight; writing
213 verbose correctMkdir /home/jacko/.npm correctMkdir not in flight; initializing
214 verbose afterAdd /home/jacko/.npm/minimist/0.0.8/package/package.json written
215 silly fetchNamedPackageData abbrev
216 silly mapToRegistry name abbrev
217 silly mapToRegistry using default registry
218 silly mapToRegistry registry https://registry.npmjs.org/
219 silly mapToRegistry data Result {
219 silly mapToRegistry   raw: 'abbrev',
219 silly mapToRegistry   scope: null,
219 silly mapToRegistry   escapedName: 'abbrev',
219 silly mapToRegistry   name: 'abbrev',
219 silly mapToRegistry   rawSpec: '',
219 silly mapToRegistry   spec: 'latest',
219 silly mapToRegistry   type: 'tag' }
220 silly mapToRegistry uri https://registry.npmjs.org/abbrev
221 verbose request uri https://registry.npmjs.org/abbrev
222 verbose request no auth needed
223 info attempt registry request try #1 at 18:51:54
224 verbose etag W/"580d2ad6-19a5"
225 verbose lastModified Sun, 23 Oct 2016 21:25:42 GMT
226 http request GET https://registry.npmjs.org/abbrev
227 http 304 https://registry.npmjs.org/abbrev
228 verbose headers { date: 'Fri, 02 Dec 2016 18:51:54 GMT',
228 verbose headers   via: '1.1 varnish',
228 verbose headers   'cache-control': 'max-age=300',
228 verbose headers   etag: 'W/"580d2ad6-19a5"',
228 verbose headers   age: '194',
228 verbose headers   connection: 'keep-alive',
228 verbose headers   'x-served-by': 'cache-lcy1121-LCY',
228 verbose headers   'x-cache': 'HIT',
228 verbose headers   'x-cache-hits': '5',
228 verbose headers   'x-timer': 'S1480704714.967544,VS0,VE0',
228 verbose headers   vary: 'Accept-Encoding' }
229 silly get cb [ 304,
229 silly get   { date: 'Fri, 02 Dec 2016 18:51:54 GMT',
229 silly get     via: '1.1 varnish',
229 silly get     'cache-control': 'max-age=300',
229 silly get     etag: 'W/"580d2ad6-19a5"',
229 silly get     age: '194',
229 silly get     connection: 'keep-alive',
229 silly get     'x-served-by': 'cache-lcy1121-LCY',
229 silly get     'x-cache': 'HIT',
229 silly get     'x-cache-hits': '5',
229 silly get     'x-timer': 'S1480704714.967544,VS0,VE0',
229 silly get     vary: 'Accept-Encoding' } ]
230 verbose etag https://registry.npmjs.org/abbrev from cache
231 verbose get saving abbrev to /home/jacko/.npm/registry.npmjs.org/abbrev/.cache.json
232 verbose correctMkdir /home/jacko/.npm correctMkdir not in flight; initializing
233 silly resolveWithNewModule abbrev@1.0.9 checking installable status
234 silly cache add args [ 'abbrev@1', null ]
235 verbose cache add spec abbrev@1
236 silly cache add parsed spec Result {
236 silly cache add   raw: 'abbrev@1',
236 silly cache add   scope: null,
236 silly cache add   escapedName: 'abbrev',
236 silly cache add   name: 'abbrev',
236 silly cache add   rawSpec: '1',
236 silly cache add   spec: '>=1.0.0 <2.0.0',
236 silly cache add   type: 'range' }
237 silly addNamed abbrev@>=1.0.0 <2.0.0
238 verbose addNamed ">=1.0.0 <2.0.0" is a valid semver range for abbrev
239 silly addNameRange { name: 'abbrev', range: '>=1.0.0 <2.0.0', hasData: false }
240 silly mapToRegistry name abbrev
241 silly mapToRegistry using default registry
242 silly mapToRegistry registry https://registry.npmjs.org/
243 silly mapToRegistry data Result {
243 silly mapToRegistry   raw: 'abbrev',
243 silly mapToRegistry   scope: null,
243 silly mapToRegistry   escapedName: 'abbrev',
243 silly mapToRegistry   name: 'abbrev',
243 silly mapToRegistry   rawSpec: '',
243 silly mapToRegistry   spec: 'latest',
243 silly mapToRegistry   type: 'tag' }
244 silly mapToRegistry uri https://registry.npmjs.org/abbrev
245 verbose addNameRange registry:https://registry.npmjs.org/abbrev not in flight; fetching
246 verbose get https://registry.npmjs.org/abbrev not expired, no request
247 silly addNameRange number 2 { name: 'abbrev', range: '>=1.0.0 <2.0.0', hasData: true }
248 silly addNameRange versions [ 'abbrev',
248 silly addNameRange   [ '1.0.3', '1.0.4', '1.0.5', '1.0.6', '1.0.7', '1.0.9' ] ]
249 silly addNamed abbrev@1.0.9
250 verbose addNamed "1.0.9" is a plain semver version for abbrev
251 silly cache afterAdd abbrev@1.0.9
252 verbose afterAdd /home/jacko/.npm/abbrev/1.0.9/package/package.json not in flight; writing
253 verbose correctMkdir /home/jacko/.npm correctMkdir not in flight; initializing
254 verbose afterAdd /home/jacko/.npm/abbrev/1.0.9/package/package.json written
255 silly loadAllDepsIntoIdealTree Finishing
256 silly loadIdealTree Finishing
257 silly currentTree lib
258 silly idealTree lib
258 silly idealTree └─┬ gig@1.0.0
258 silly idealTree   ├── abbrev@1.0.9
258 silly idealTree   ├── colors@1.1.2
258 silly idealTree   ├── minimist@0.0.8
258 silly idealTree   ├── mkdirp@0.5.1
258 silly idealTree   └── nopt@3.0.6
259 silly generateActionsToTake Starting
260 silly install generateActionsToTake
261 silly generateActionsToTake Finishing
262 silly diffTrees action count 6
263 silly diffTrees add abbrev@1.0.9
264 silly diffTrees add minimist@0.0.8
265 silly diffTrees add colors@1.1.2
266 silly diffTrees add mkdirp@0.5.1
267 silly diffTrees add nopt@3.0.6
268 silly diffTrees add gig@1.0.0
269 silly decomposeActions action count 48
270 silly decomposeActions fetch abbrev@1.0.9
271 silly decomposeActions extract abbrev@1.0.9
272 silly decomposeActions test abbrev@1.0.9
273 silly decomposeActions preinstall abbrev@1.0.9
274 silly decomposeActions build abbrev@1.0.9
275 silly decomposeActions install abbrev@1.0.9
276 silly decomposeActions postinstall abbrev@1.0.9
277 silly decomposeActions finalize abbrev@1.0.9
278 silly decomposeActions fetch minimist@0.0.8
279 silly decomposeActions extract minimist@0.0.8
280 silly decomposeActions test minimist@0.0.8
281 silly decomposeActions preinstall minimist@0.0.8
282 silly decomposeActions build minimist@0.0.8
283 silly decomposeActions install minimist@0.0.8
284 silly decomposeActions postinstall minimist@0.0.8
285 silly decomposeActions finalize minimist@0.0.8
286 silly decomposeActions fetch colors@1.1.2
287 silly decomposeActions extract colors@1.1.2
288 silly decomposeActions test colors@1.1.2
289 silly decomposeActions preinstall colors@1.1.2
290 silly decomposeActions build colors@1.1.2
291 silly decomposeActions install colors@1.1.2
292 silly decomposeActions postinstall colors@1.1.2
293 silly decomposeActions finalize colors@1.1.2
294 silly decomposeActions fetch mkdirp@0.5.1
295 silly decomposeActions extract mkdirp@0.5.1
296 silly decomposeActions test mkdirp@0.5.1
297 silly decomposeActions preinstall mkdirp@0.5.1
298 silly decomposeActions build mkdirp@0.5.1
299 silly decomposeActions install mkdirp@0.5.1
300 silly decomposeActions postinstall mkdirp@0.5.1
301 silly decomposeActions finalize mkdirp@0.5.1
302 silly decomposeActions fetch nopt@3.0.6
303 silly decomposeActions extract nopt@3.0.6
304 silly decomposeActions test nopt@3.0.6
305 silly decomposeActions preinstall nopt@3.0.6
306 silly decomposeActions build nopt@3.0.6
307 silly decomposeActions install nopt@3.0.6
308 silly decomposeActions postinstall nopt@3.0.6
309 silly decomposeActions finalize nopt@3.0.6
310 silly decomposeActions fetch gig@1.0.0
311 silly decomposeActions extract gig@1.0.0
312 silly decomposeActions test gig@1.0.0
313 silly decomposeActions preinstall gig@1.0.0
314 silly decomposeActions build gig@1.0.0
315 silly decomposeActions install gig@1.0.0
316 silly decomposeActions postinstall gig@1.0.0
317 silly decomposeActions finalize gig@1.0.0
318 silly runTopLevelLifecycles Starting
319 silly executeActions Starting
320 silly install executeActions
321 silly doSerial global-install 0
322 silly doParallel fetch 6
323 verbose correctMkdir /home/jacko/.npm/_locks correctMkdir not in flight; initializing
324 verbose lock using /home/jacko/.npm/_locks/staging-3a08f0df5026584d.lock for /usr/local/lib/node_modules/.staging
325 silly doParallel extract 6
326 silly extract abbrev@1.0.9
327 silly extract minimist@0.0.8
328 silly extract colors@1.1.2
329 silly extract mkdirp@0.5.1
330 silly extract nopt@3.0.6
331 silly extract gig@1.0.0
332 verbose unbuild lib/node_modules/.staging/abbrev-834e193a
333 verbose unbuild lib/node_modules/.staging/minimist-c3d82163
334 verbose unbuild lib/node_modules/.staging/colors-dda48337
335 verbose unbuild lib/node_modules/.staging/mkdirp-83471f61
336 verbose unbuild lib/node_modules/.staging/nopt-47c0a316
337 verbose unbuild lib/node_modules/.staging/gig-1e4ca756
338 silly gentlyRm /usr/local/lib/node_modules/.staging/abbrev-834e193a is being purged from base /usr/local
339 verbose gentlyRm don't care about contents; nuking /usr/local/lib/node_modules/.staging/abbrev-834e193a
340 silly gentlyRm /usr/local/lib/node_modules/.staging/minimist-c3d82163 is being purged from base /usr/local
341 verbose gentlyRm don't care about contents; nuking /usr/local/lib/node_modules/.staging/minimist-c3d82163
342 silly gentlyRm /usr/local/lib/node_modules/.staging/colors-dda48337 is being purged from base /usr/local
343 verbose gentlyRm don't care about contents; nuking /usr/local/lib/node_modules/.staging/colors-dda48337
344 verbose tar unpack /home/jacko/.npm/abbrev/1.0.9/package.tgz
345 verbose tar unpacking to /usr/local/lib/node_modules/.staging/abbrev-834e193a
346 silly gentlyRm /usr/local/lib/node_modules/.staging/abbrev-834e193a is being purged
347 verbose gentlyRm don't care about contents; nuking /usr/local/lib/node_modules/.staging/abbrev-834e193a
348 verbose tar unpack /home/jacko/.npm/minimist/0.0.8/package.tgz
349 verbose tar unpacking to /usr/local/lib/node_modules/.staging/minimist-c3d82163
350 silly gentlyRm /usr/local/lib/node_modules/.staging/minimist-c3d82163 is being purged
351 verbose gentlyRm don't care about contents; nuking /usr/local/lib/node_modules/.staging/minimist-c3d82163
352 verbose tar unpack /home/jacko/.npm/colors/1.1.2/package.tgz
353 verbose tar unpacking to /usr/local/lib/node_modules/.staging/colors-dda48337
354 silly gentlyRm /usr/local/lib/node_modules/.staging/colors-dda48337 is being purged
355 verbose gentlyRm don't care about contents; nuking /usr/local/lib/node_modules/.staging/colors-dda48337
356 silly gentlyRm /usr/local/lib/node_modules/.staging/mkdirp-83471f61 is being purged from base /usr/local
357 verbose gentlyRm don't care about contents; nuking /usr/local/lib/node_modules/.staging/mkdirp-83471f61
358 silly gentlyRm /usr/local/lib/node_modules/.staging/nopt-47c0a316 is being purged from base /usr/local
359 verbose gentlyRm don't care about contents; nuking /usr/local/lib/node_modules/.staging/nopt-47c0a316
360 silly gentlyRm /usr/local/lib/node_modules/.staging/gig-1e4ca756 is being purged from base /usr/local
361 verbose gentlyRm don't care about contents; nuking /usr/local/lib/node_modules/.staging/gig-1e4ca756
362 silly gunzTarPerm modes [ '755', '644' ]
363 silly gunzTarPerm modes [ '755', '644' ]
364 silly gunzTarPerm modes [ '755', '644' ]
365 verbose tar unpack /home/jacko/.npm/mkdirp/0.5.1/package.tgz
366 verbose tar unpacking to /usr/local/lib/node_modules/.staging/mkdirp-83471f61
367 silly gentlyRm /usr/local/lib/node_modules/.staging/mkdirp-83471f61 is being purged
368 verbose gentlyRm don't care about contents; nuking /usr/local/lib/node_modules/.staging/mkdirp-83471f61
369 verbose tar unpack /home/jacko/.npm/nopt/3.0.6/package.tgz
370 verbose tar unpacking to /usr/local/lib/node_modules/.staging/nopt-47c0a316
371 silly gentlyRm /usr/local/lib/node_modules/.staging/nopt-47c0a316 is being purged
372 verbose gentlyRm don't care about contents; nuking /usr/local/lib/node_modules/.staging/nopt-47c0a316
373 verbose tar unpack /home/jacko/.npm/gig/1.0.0/package.tgz
374 verbose tar unpacking to /usr/local/lib/node_modules/.staging/gig-1e4ca756
375 silly gentlyRm /usr/local/lib/node_modules/.staging/gig-1e4ca756 is being purged
376 verbose gentlyRm don't care about contents; nuking /usr/local/lib/node_modules/.staging/gig-1e4ca756
377 silly gunzTarPerm modes [ '755', '644' ]
378 silly gunzTarPerm modes [ '755', '644' ]
379 silly gunzTarPerm modes [ '755', '644' ]
380 silly gunzTarPerm extractEntry package.json
381 silly gunzTarPerm extractEntry package.json
382 silly gunzTarPerm extractEntry package.json
383 silly gunzTarPerm extractEntry package.json
384 silly gunzTarPerm extractEntry package.json
385 silly gunzTarPerm extractEntry package.json
386 silly gunzTarPerm extractEntry README.md
387 silly gunzTarPerm extractEntry LICENSE
388 silly gunzTarPerm extractEntry LICENSE
389 silly gunzTarPerm extractEntry index.js
390 silly gunzTarPerm extractEntry LICENSE
391 silly gunzTarPerm extractEntry safe.js
392 silly gunzTarPerm extractEntry LICENSE
393 silly gunzTarPerm extractEntry index.js
394 silly gunzTarPerm extractEntry .npmignore
395 silly gunzTarPerm extractEntry README.md
396 silly gunzTarPerm extractEntry .npmignore
397 silly gunzTarPerm extractEntry README.md
398 silly gunzTarPerm extractEntry abbrev.js
399 silly gunzTarPerm extractEntry .travis.yml
400 silly gunzTarPerm extractEntry example/parse.js
401 silly gunzTarPerm extractEntry ReadMe.md
402 silly gunzTarPerm extractEntry examples/normal-usage.js
403 silly gunzTarPerm extractEntry LICENSE
404 silly gunzTarPerm extractEntry .travis.yml
405 silly gunzTarPerm extractEntry .travis.yml
406 silly gunzTarPerm extractEntry bin/cmd.js
407 silly gunzTarPerm extractEntry LICENSE
408 silly gunzTarPerm extractEntry config.js
409 silly gunzTarPerm extractEntry bin/nopt.js
410 silly gunzTarPerm extractEntry examples/my-program.js
411 silly gunzTarPerm extractEntry readme.markdown
412 silly gunzTarPerm extractEntry test/dash.js
413 silly gunzTarPerm extractEntry examples/safe-string.js
414 silly gunzTarPerm extractEntry lib/colors.js
415 silly gunzTarPerm extractEntry AUTHORS
416 silly gunzTarPerm extractEntry bin/gig
417 silly gunzTarPerm extractEntry bin/usage.txt
418 silly gunzTarPerm extractEntry examples/pow.js
419 silly gunzTarPerm extractEntry lib/extendStringPrototype.js
420 silly gunzTarPerm extractEntry lib/nopt.js
421 silly gunzTarPerm extractEntry test/default_bool.js
422 silly gunzTarPerm extractEntry test/dotted.js
423 silly gunzTarPerm extractEntry test/long.js
424 silly gunzTarPerm extractEntry test/parse.js
425 silly gunzTarPerm extractEntry test/parse_modified.js
426 silly gunzTarPerm extractEntry test/short.js
427 silly gunzTarPerm extractEntry test/whitespace.js
428 silly gunzTarPerm extractEntry gitignore/README.md
429 silly gunzTarPerm extractEntry gitignore/LICENSE
430 silly gunzTarPerm extractEntry readme.markdown
431 silly gunzTarPerm extractEntry test/chmod.js
432 silly gunzTarPerm extractEntry lib/index.js
433 silly gunzTarPerm extractEntry lib/styles.js
434 silly gunzTarPerm extractEntry test/opts_fs_sync.js
435 silly gunzTarPerm extractEntry test/basic.js
436 silly gunzTarPerm extractEntry gitignore/LemonStand.gitignore
437 silly gunzTarPerm extractEntry lib/custom/trap.js
438 silly gunzTarPerm extractEntry lib/custom/zalgo.js
439 silly gunzTarPerm extractEntry gitignore/Android.gitignore
440 silly gunzTarPerm extractEntry gitignore/AppEngine.gitignore
441 silly gunzTarPerm extractEntry test/perm.js
442 silly gunzTarPerm extractEntry test/perm_sync.js
443 silly gentlyRm /usr/local/lib/node_modules/.staging/abbrev-834e193a/node_modules is being purged
444 verbose gentlyRm don't care about contents; nuking /usr/local/lib/node_modules/.staging/abbrev-834e193a/node_modules
445 silly gunzTarPerm extractEntry gitignore/AppceleratorTitanium.gitignore
446 silly gunzTarPerm extractEntry gitignore/ArchLinuxPackages.gitignore
447 silly gunzTarPerm extractEntry lib/maps/america.js
448 silly gunzTarPerm extractEntry lib/maps/rainbow.js
449 silly gunzTarPerm extractEntry test/opts_fs.js
450 silly gunzTarPerm extractEntry test/rel.js
451 silly gunzTarPerm extractEntry gitignore/Autotools.gitignore
452 silly gunzTarPerm extractEntry gitignore/C++.gitignore
453 silly gunzTarPerm extractEntry test/return.js
454 silly gunzTarPerm extractEntry test/return_sync.js
455 silly gunzTarPerm extractEntry lib/maps/random.js
456 silly gunzTarPerm extractEntry lib/maps/zebra.js
457 silly gunzTarPerm extractEntry test/root.js
458 silly gunzTarPerm extractEntry test/sync.js
459 silly gunzTarPerm extractEntry gitignore/C.gitignore
460 silly gunzTarPerm extractEntry gitignore/CFWheels.gitignore
461 silly gunzTarPerm extractEntry lib/system/supports-colors.js
462 silly gunzTarPerm extractEntry themes/generic-logging.js
463 silly gunzTarPerm extractEntry gitignore/CMake.gitignore
464 silly gunzTarPerm extractEntry gitignore/CONTRIBUTING.md
465 silly gunzTarPerm extractEntry test/mkdirp.js
466 silly gunzTarPerm extractEntry test/umask.js
467 silly gunzTarPerm extractEntry gitignore/CUDA.gitignore
468 silly gunzTarPerm extractEntry gitignore/CakePHP.gitignore
469 silly gunzTarPerm extractEntry test/clobber.js
470 silly gunzTarPerm extractEntry test/umask_sync.js
471 silly gunzTarPerm extractEntry gitignore/ChefCookbook.gitignore
472 silly gunzTarPerm extractEntry gitignore/CodeIgniter.gitignore
473 silly gentlyRm /usr/local/lib/node_modules/.staging/nopt-47c0a316/node_modules is being purged
474 verbose gentlyRm don't care about contents; nuking /usr/local/lib/node_modules/.staging/nopt-47c0a316/node_modules
475 silly gunzTarPerm extractEntry test/race.js
476 silly gunzTarPerm extractEntry gitignore/CommonLisp.gitignore
477 silly gunzTarPerm extractEntry gitignore/Composer.gitignore
478 silly gunzTarPerm extractEntry gitignore/Concrete5.gitignore
479 silly gunzTarPerm extractEntry gitignore/Coq.gitignore
480 silly gunzTarPerm extractEntry gitignore/CraftCMS.gitignore
481 silly gunzTarPerm extractEntry gitignore/D.gitignore
482 silly gunzTarPerm extractEntry gitignore/DM.gitignore
483 silly gunzTarPerm extractEntry gitignore/Dart.gitignore
484 silly gentlyRm /usr/local/lib/node_modules/.staging/minimist-c3d82163/node_modules is being purged
485 verbose gentlyRm don't care about contents; nuking /usr/local/lib/node_modules/.staging/minimist-c3d82163/node_modules
486 silly gunzTarPerm extractEntry gitignore/Delphi.gitignore
487 silly gunzTarPerm extractEntry gitignore/Drupal.gitignore
488 silly gunzTarPerm extractEntry gitignore/EPiServer.gitignore
489 silly gunzTarPerm extractEntry gitignore/Eagle.gitignore
490 silly gunzTarPerm extractEntry gitignore/Elisp.gitignore
491 silly gunzTarPerm extractEntry gitignore/Elixir.gitignore
492 silly gunzTarPerm extractEntry gitignore/Elm.gitignore
493 silly gunzTarPerm extractEntry gitignore/Erlang.gitignore
494 silly gunzTarPerm extractEntry gitignore/ExpressionEngine.gitignore
495 silly gunzTarPerm extractEntry gitignore/ExtJs.gitignore
496 silly gentlyRm /usr/local/lib/node_modules/.staging/colors-dda48337/node_modules is being purged
497 verbose gentlyRm don't care about contents; nuking /usr/local/lib/node_modules/.staging/colors-dda48337/node_modules
498 silly gunzTarPerm extractEntry gitignore/Fancy.gitignore
499 silly gunzTarPerm extractEntry gitignore/Finale.gitignore
500 silly gunzTarPerm extractEntry gitignore/ForceDotCom.gitignore
501 silly gunzTarPerm extractEntry gitignore/FuelPHP.gitignore
502 silly gunzTarPerm extractEntry gitignore/GWT.gitignore
503 silly gunzTarPerm extractEntry gitignore/Gcov.gitignore
504 silly gunzTarPerm extractEntry gitignore/GitBook.gitignore
505 silly gunzTarPerm extractEntry gitignore/Global/README.md
506 silly gunzTarPerm extractEntry gitignore/Global/ModelSim.gitignore
507 silly gunzTarPerm extractEntry gitignore/Global/BricxCC.gitignore
508 silly gunzTarPerm extractEntry gitignore/Global/CVS.gitignore
509 silly gunzTarPerm extractEntry gitignore/Global/Cloud9.gitignore
510 silly gentlyRm /usr/local/lib/node_modules/.staging/mkdirp-83471f61/node_modules is being purged
511 verbose gentlyRm don't care about contents; nuking /usr/local/lib/node_modules/.staging/mkdirp-83471f61/node_modules
512 silly gunzTarPerm extractEntry gitignore/Global/CodeKit.gitignore
513 silly gunzTarPerm extractEntry gitignore/Global/DartEditor.gitignore
514 silly gunzTarPerm extractEntry gitignore/Global/Dreamweaver.gitignore
515 silly gunzTarPerm extractEntry gitignore/Global/Eclipse.gitignore
516 silly gunzTarPerm extractEntry gitignore/Global/EiffelStudio.gitignore
517 silly gunzTarPerm extractEntry gitignore/Global/Emacs.gitignore
518 silly gunzTarPerm extractEntry gitignore/Global/Ensime.gitignore
519 silly gunzTarPerm extractEntry gitignore/Global/Espresso.gitignore
520 silly gunzTarPerm extractEntry gitignore/Global/FlexBuilder.gitignore
521 silly gunzTarPerm extractEntry gitignore/Global/GPG.gitignore
522 silly gunzTarPerm extractEntry gitignore/Global/IPythonNotebook.gitignore
523 silly gunzTarPerm extractEntry gitignore/Global/JDeveloper.gitignore
524 silly gunzTarPerm extractEntry gitignore/Global/JetBrains.gitignore
525 silly gunzTarPerm extractEntry gitignore/Global/KDevelop4.gitignore
526 silly gunzTarPerm extractEntry gitignore/Global/Kate.gitignore
527 silly gunzTarPerm extractEntry gitignore/Global/Lazarus.gitignore
528 silly gunzTarPerm extractEntry gitignore/Global/LibreOffice.gitignore
529 silly gunzTarPerm extractEntry gitignore/Global/Linux.gitignore
530 silly gunzTarPerm extractEntry gitignore/Global/LyX.gitignore
531 silly gunzTarPerm extractEntry gitignore/Global/Matlab.gitignore
532 silly gunzTarPerm extractEntry gitignore/Global/Mercurial.gitignore
533 silly gunzTarPerm extractEntry gitignore/Global/MicrosoftOffice.gitignore
534 silly gunzTarPerm extractEntry gitignore/Global/Archives.gitignore
535 silly gunzTarPerm extractEntry gitignore/Global/Momentics.gitignore
536 silly gunzTarPerm extractEntry gitignore/Global/MonoDevelop.gitignore
537 silly gunzTarPerm extractEntry gitignore/Global/NetBeans.gitignore
538 silly gunzTarPerm extractEntry gitignore/Global/Ninja.gitignore
539 silly gunzTarPerm extractEntry gitignore/Global/NotepadPP.gitignore
540 silly gunzTarPerm extractEntry gitignore/Global/OSX.gitignore
541 silly gunzTarPerm extractEntry gitignore/Global/Otto.gitignore
542 silly gunzTarPerm extractEntry gitignore/Global/Anjuta.gitignore
543 silly gunzTarPerm extractEntry gitignore/Global/Redcar.gitignore
544 silly gunzTarPerm extractEntry gitignore/Global/Redis.gitignore
545 silly gunzTarPerm extractEntry gitignore/Global/SBT.gitignore
546 silly gunzTarPerm extractEntry gitignore/Global/SVN.gitignore
547 silly gunzTarPerm extractEntry gitignore/Global/SlickEdit.gitignore
548 silly gunzTarPerm extractEntry gitignore/Global/SublimeText.gitignore
549 silly gunzTarPerm extractEntry gitignore/Global/SynopsysVCS.gitignore
550 silly gunzTarPerm extractEntry gitignore/Global/Tags.gitignore
551 silly gunzTarPerm extractEntry gitignore/Global/TextMate.gitignore
552 silly gunzTarPerm extractEntry gitignore/Global/TortoiseGit.gitignore
553 silly gunzTarPerm extractEntry gitignore/Global/Vagrant.gitignore
554 silly gunzTarPerm extractEntry gitignore/Global/Vim.gitignore
555 silly gunzTarPerm extractEntry gitignore/Global/VirtualEnv.gitignore
556 silly gunzTarPerm extractEntry gitignore/Global/VisualStudioCode.gitignore
557 silly gunzTarPerm extractEntry gitignore/Global/WebMethods.gitignore
558 silly gunzTarPerm extractEntry gitignore/Global/Windows.gitignore
559 silly gunzTarPerm extractEntry gitignore/Global/Xcode.gitignore
560 silly gunzTarPerm extractEntry gitignore/Global/XilinxISE.gitignore
561 silly gunzTarPerm extractEntry gitignore/Go.gitignore
562 silly gunzTarPerm extractEntry gitignore/Gradle.gitignore
563 silly gunzTarPerm extractEntry gitignore/Grails.gitignore
564 silly gunzTarPerm extractEntry gitignore/Haskell.gitignore
565 silly gunzTarPerm extractEntry gitignore/IGORPro.gitignore
566 silly gunzTarPerm extractEntry gitignore/Idris.gitignore
567 silly gunzTarPerm extractEntry gitignore/Java.gitignore
568 silly gunzTarPerm extractEntry gitignore/Jboss.gitignore
569 silly gunzTarPerm extractEntry gitignore/Jekyll.gitignore
570 silly gunzTarPerm extractEntry gitignore/Joomla.gitignore
571 silly gunzTarPerm extractEntry gitignore/KiCAD.gitignore
572 silly gunzTarPerm extractEntry gitignore/Kohana.gitignore
573 silly gunzTarPerm extractEntry gitignore/Actionscript.gitignore
574 silly gunzTarPerm extractEntry gitignore/LabVIEW.gitignore
575 silly gunzTarPerm extractEntry gitignore/Laravel.gitignore
576 silly gunzTarPerm extractEntry gitignore/Leiningen.gitignore
577 silly gunzTarPerm extractEntry gitignore/Ada.gitignore
578 silly gunzTarPerm extractEntry gitignore/Lilypond.gitignore
579 silly gunzTarPerm extractEntry gitignore/Lithium.gitignore
580 silly gunzTarPerm extractEntry gitignore/Lua.gitignore
581 silly gunzTarPerm extractEntry gitignore/Magento.gitignore
582 silly gunzTarPerm extractEntry gitignore/Maven.gitignore
583 silly gunzTarPerm extractEntry gitignore/Mercury.gitignore
584 silly gunzTarPerm extractEntry gitignore/MetaProgrammingSystem.gitignore
585 silly gunzTarPerm extractEntry gitignore/Nanoc.gitignore
586 silly gunzTarPerm extractEntry gitignore/Nim.gitignore
587 silly gunzTarPerm extractEntry gitignore/Node.gitignore
588 silly gunzTarPerm extractEntry gitignore/OCaml.gitignore
589 silly gunzTarPerm extractEntry gitignore/Objective-C.gitignore
590 silly gunzTarPerm extractEntry gitignore/Opa.gitignore
591 silly gunzTarPerm extractEntry gitignore/OpenCart.gitignore
592 silly gunzTarPerm extractEntry gitignore/OracleForms.gitignore
593 silly gunzTarPerm extractEntry gitignore/Packer.gitignore
594 silly gunzTarPerm extractEntry gitignore/Perl.gitignore
595 silly gunzTarPerm extractEntry gitignore/Phalcon.gitignore
596 silly gunzTarPerm extractEntry gitignore/PlayFramework.gitignore
597 silly gunzTarPerm extractEntry gitignore/Plone.gitignore
598 silly gunzTarPerm extractEntry gitignore/Prestashop.gitignore
599 silly gunzTarPerm extractEntry gitignore/Processing.gitignore
600 silly gunzTarPerm extractEntry gitignore/Python.gitignore
601 silly gunzTarPerm extractEntry gitignore/Qooxdoo.gitignore
602 silly gunzTarPerm extractEntry gitignore/Qt.gitignore
603 silly gunzTarPerm extractEntry gitignore/R.gitignore
604 silly gunzTarPerm extractEntry gitignore/Agda.gitignore
605 silly gunzTarPerm extractEntry gitignore/ROS.gitignore
606 silly gunzTarPerm extractEntry gitignore/Rails.gitignore
607 silly gunzTarPerm extractEntry gitignore/RhodesRhomobile.gitignore
608 silly gunzTarPerm extractEntry gitignore/Ruby.gitignore
609 silly gunzTarPerm extractEntry gitignore/Rust.gitignore
610 silly gunzTarPerm extractEntry gitignore/SCons.gitignore
611 silly gunzTarPerm extractEntry gitignore/Sass.gitignore
612 silly gunzTarPerm extractEntry gitignore/Scala.gitignore
613 silly gunzTarPerm extractEntry gitignore/Scrivener.gitignore
614 silly gunzTarPerm extractEntry gitignore/Sdcc.gitignore
615 silly gunzTarPerm extractEntry gitignore/SeamGen.gitignore
616 silly gunzTarPerm extractEntry gitignore/SketchUp.gitignore
617 silly gunzTarPerm extractEntry gitignore/Stella.gitignore
618 silly gunzTarPerm extractEntry gitignore/SugarCRM.gitignore
619 silly gunzTarPerm extractEntry gitignore/Swift.gitignore
620 silly gunzTarPerm extractEntry gitignore/Symfony.gitignore
621 silly gunzTarPerm extractEntry gitignore/SymphonyCMS.gitignore
622 silly gunzTarPerm extractEntry gitignore/TeX.gitignore
623 silly gunzTarPerm extractEntry gitignore/Textpattern.gitignore
624 silly gunzTarPerm extractEntry gitignore/TurboGears2.gitignore
625 silly gunzTarPerm extractEntry gitignore/Typo3.gitignore
626 silly gunzTarPerm extractEntry gitignore/Umbraco.gitignore
627 silly gunzTarPerm extractEntry gitignore/Unity.gitignore
628 silly gunzTarPerm extractEntry gitignore/UnrealEngine.gitignore
629 silly gunzTarPerm extractEntry gitignore/VVVV.gitignore
630 silly gunzTarPerm extractEntry gitignore/VisualStudio.gitignore
631 silly gunzTarPerm extractEntry gitignore/Waf.gitignore
632 silly gunzTarPerm extractEntry gitignore/WordPress.gitignore
633 silly gunzTarPerm extractEntry gitignore/Xojo.gitignore
634 silly gunzTarPerm extractEntry gitignore/Yeoman.gitignore
635 silly gunzTarPerm extractEntry gitignore/Yii.gitignore
636 silly gunzTarPerm extractEntry gitignore/ZendFramework.gitignore
637 silly gunzTarPerm extractEntry gitignore/Zephir.gitignore
638 silly gunzTarPerm extractEntry lib/gig.js
639 silly gunzTarPerm extractEntry lib/gig/command.js
640 silly gunzTarPerm extractEntry lib/gig/gen.js
641 silly gunzTarPerm extractEntry lib/gig/help.js
642 silly gunzTarPerm extractEntry lib/gig/init.js
643 silly gunzTarPerm extractEntry lib/gig/option.js
644 silly gunzTarPerm extractEntry lib/gig/pkg.js
645 silly gunzTarPerm extractEntry lib/gig/show.js
646 silly gunzTarPerm extractEntry lib/gig/template.js
647 silly gunzTarPerm extractEntry ChangeLog
648 silly gunzTarPerm extractEntry screenshot.jpg
649 silly gentlyRm /usr/local/lib/node_modules/.staging/gig-1e4ca756/node_modules is being purged
650 verbose gentlyRm don't care about contents; nuking /usr/local/lib/node_modules/.staging/gig-1e4ca756/node_modules
651 silly doParallel preinstall 6
652 silly preinstall abbrev@1.0.9
653 info lifecycle abbrev@1.0.9~preinstall: abbrev@1.0.9
654 silly preinstall minimist@0.0.8
655 info lifecycle minimist@0.0.8~preinstall: minimist@0.0.8
656 silly preinstall colors@1.1.2
657 info lifecycle colors@1.1.2~preinstall: colors@1.1.2
658 silly preinstall mkdirp@0.5.1
659 info lifecycle mkdirp@0.5.1~preinstall: mkdirp@0.5.1
660 silly preinstall nopt@3.0.6
661 info lifecycle nopt@3.0.6~preinstall: nopt@3.0.6
662 silly preinstall gig@1.0.0
663 info lifecycle gig@1.0.0~preinstall: gig@1.0.0
664 silly lifecycle abbrev@1.0.9~preinstall: no script for preinstall, continuing
665 silly lifecycle minimist@0.0.8~preinstall: no script for preinstall, continuing
666 silly lifecycle colors@1.1.2~preinstall: no script for preinstall, continuing
667 silly lifecycle mkdirp@0.5.1~preinstall: no script for preinstall, continuing
668 silly lifecycle nopt@3.0.6~preinstall: no script for preinstall, continuing
669 silly lifecycle gig@1.0.0~preinstall: no script for preinstall, continuing
670 silly doReverseSerial remove 0
671 silly doSerial move 0
672 silly doSerial finalize 6
673 silly finalize /usr/local/lib/node_modules/gig/node_modules/abbrev
674 silly finalize /usr/local/lib/node_modules/gig/node_modules/minimist
675 silly finalize /usr/local/lib/node_modules/gig/node_modules/colors
676 silly finalize /usr/local/lib/node_modules/gig/node_modules/mkdirp
677 silly finalize /usr/local/lib/node_modules/gig/node_modules/nopt
678 silly finalize /usr/local/lib/node_modules/gig
679 silly doSerial build 6
680 silly build abbrev@1.0.9
681 info linkStuff abbrev@1.0.9
682 silly linkStuff abbrev@1.0.9 has /usr/local/lib/node_modules/gig/node_modules as its parent node_modules
683 silly linkStuff abbrev@1.0.9 is part of a global install
684 silly linkStuff abbrev@1.0.9 is installed into a global node_modules
685 verbose linkBins abbrev@1.0.9
686 verbose linkMans abbrev@1.0.9
687 silly build minimist@0.0.8
688 info linkStuff minimist@0.0.8
689 silly linkStuff minimist@0.0.8 has /usr/local/lib/node_modules/gig/node_modules as its parent node_modules
690 silly linkStuff minimist@0.0.8 is part of a global install
691 silly linkStuff minimist@0.0.8 is installed into a global node_modules
692 verbose linkBins minimist@0.0.8
693 verbose linkMans minimist@0.0.8
694 silly build colors@1.1.2
695 info linkStuff colors@1.1.2
696 silly linkStuff colors@1.1.2 has /usr/local/lib/node_modules/gig/node_modules as its parent node_modules
697 silly linkStuff colors@1.1.2 is part of a global install
698 silly linkStuff colors@1.1.2 is installed into a global node_modules
699 verbose linkBins colors@1.1.2
700 verbose linkMans colors@1.1.2
701 silly build mkdirp@0.5.1
702 info linkStuff mkdirp@0.5.1
703 silly linkStuff mkdirp@0.5.1 has /usr/local/lib/node_modules/gig/node_modules as its parent node_modules
704 silly linkStuff mkdirp@0.5.1 is part of a global install
705 silly linkStuff mkdirp@0.5.1 is installed into a global node_modules
706 verbose linkBins mkdirp@0.5.1
707 verbose linkBins [ { mkdirp: 'bin/cmd.js' },
707 verbose linkBins   '/usr/local/lib/node_modules/gig/node_modules/.bin',
707 verbose linkBins   false ]
708 verbose linkMans mkdirp@0.5.1
709 silly gentlyRm /usr/local/lib/node_modules/gig/node_modules/.bin/mkdirp is being purged
710 verbose gentlyRm don't care about contents; nuking /usr/local/lib/node_modules/gig/node_modules/.bin/mkdirp
711 silly build nopt@3.0.6
712 info linkStuff nopt@3.0.6
713 silly linkStuff nopt@3.0.6 has /usr/local/lib/node_modules/gig/node_modules as its parent node_modules
714 silly linkStuff nopt@3.0.6 is part of a global install
715 silly linkStuff nopt@3.0.6 is installed into a global node_modules
716 verbose linkBins nopt@3.0.6
717 verbose linkBins [ { nopt: './bin/nopt.js' },
717 verbose linkBins   '/usr/local/lib/node_modules/gig/node_modules/.bin',
717 verbose linkBins   false ]
718 verbose linkMans nopt@3.0.6
719 silly gentlyRm /usr/local/lib/node_modules/gig/node_modules/.bin/nopt is being purged
720 verbose gentlyRm don't care about contents; nuking /usr/local/lib/node_modules/gig/node_modules/.bin/nopt
721 silly build gig@1.0.0
722 info linkStuff gig@1.0.0
723 silly linkStuff gig@1.0.0 has /usr/local/lib/node_modules as its parent node_modules
724 silly linkStuff gig@1.0.0 is part of a global install
725 silly linkStuff gig@1.0.0 is installed into a global node_modules
726 silly linkStuff gig@1.0.0 is installed into the top-level global node_modules
727 verbose linkBins gig@1.0.0
728 verbose linkBins [ { gig: './bin/gig' }, '/usr/local/bin', true ]
729 verbose linkMans gig@1.0.0
730 silly doSerial global-link 0
731 silly doParallel update-linked 0
732 silly doSerial install 6
733 silly install abbrev@1.0.9
734 info lifecycle abbrev@1.0.9~install: abbrev@1.0.9
735 silly lifecycle abbrev@1.0.9~install: no script for install, continuing
736 silly install minimist@0.0.8
737 info lifecycle minimist@0.0.8~install: minimist@0.0.8
738 silly lifecycle minimist@0.0.8~install: no script for install, continuing
739 silly install colors@1.1.2
740 info lifecycle colors@1.1.2~install: colors@1.1.2
741 silly lifecycle colors@1.1.2~install: no script for install, continuing
742 silly install mkdirp@0.5.1
743 info lifecycle mkdirp@0.5.1~install: mkdirp@0.5.1
744 silly lifecycle mkdirp@0.5.1~install: no script for install, continuing
745 silly install nopt@3.0.6
746 info lifecycle nopt@3.0.6~install: nopt@3.0.6
747 silly lifecycle nopt@3.0.6~install: no script for install, continuing
748 silly install gig@1.0.0
749 info lifecycle gig@1.0.0~install: gig@1.0.0
750 verbose lifecycle gig@1.0.0~install: unsafe-perm in lifecycle false
751 verbose lifecycle gig@1.0.0~install: PATH: /usr/local/lib/node_modules/npm/bin/node-gyp-bin:/usr/local/lib/node_modules/gig/node_modules/.bin:/usr/local/lib/node_modules/.bin:/usr/local/sbin:/usr/local/bin:/usr/sbin:/usr/bin:/sbin:/bin:/snap/bin
752 verbose lifecycle gig@1.0.0~install: CWD: /usr/local/lib/node_modules/gig
753 silly lifecycle gig@1.0.0~install: Args: [ '-c', 'gig init' ]
754 silly lifecycle gig@1.0.0~install: Returned: code: 1  signal: null
755 info lifecycle gig@1.0.0~install: Failed to exec install script
756 verbose unlock done using /home/jacko/.npm/_locks/staging-3a08f0df5026584d.lock for /usr/local/lib/node_modules/.staging
757 silly rollbackFailedOptional Starting
758 silly gentlyRm /usr/local/lib/node_modules/gig/node_modules/abbrev is being purged from base /usr/local/lib
759 verbose gentlyRm don't care about contents; nuking /usr/local/lib/node_modules/gig/node_modules/abbrev
760 silly gentlyRm /usr/local/lib/node_modules/gig/node_modules/abbrev is being purged from base /usr/local/lib
761 verbose gentlyRm don't care about contents; nuking /usr/local/lib/node_modules/gig/node_modules/abbrev
762 silly gentlyRm /usr/local/lib/node_modules/gig/node_modules/abbrev is being purged from base /usr/local/lib
763 verbose gentlyRm don't care about contents; nuking /usr/local/lib/node_modules/gig/node_modules/abbrev
764 silly gentlyRm /usr/local/lib/node_modules/gig/node_modules/abbrev is being purged from base /usr/local/lib
765 verbose gentlyRm don't care about contents; nuking /usr/local/lib/node_modules/gig/node_modules/abbrev
766 silly gentlyRm /usr/local/lib/node_modules/gig/node_modules/abbrev is being purged from base /usr/local/lib
767 verbose gentlyRm don't care about contents; nuking /usr/local/lib/node_modules/gig/node_modules/abbrev
768 silly gentlyRm /usr/local/lib/node_modules/gig/node_modules/abbrev is being purged from base /usr/local/lib
769 verbose gentlyRm don't care about contents; nuking /usr/local/lib/node_modules/gig/node_modules/abbrev
770 silly gentlyRm /usr/local/lib/node_modules/gig/node_modules/abbrev is being purged from base /usr/local/lib
771 verbose gentlyRm don't care about contents; nuking /usr/local/lib/node_modules/gig/node_modules/abbrev
772 silly gentlyRm /usr/local/lib/node_modules/gig/node_modules/abbrev is being purged from base /usr/local/lib
773 verbose gentlyRm don't care about contents; nuking /usr/local/lib/node_modules/gig/node_modules/abbrev
774 silly gentlyRm /usr/local/lib/node_modules/gig/node_modules/minimist is being purged from base /usr/local/lib
775 verbose gentlyRm don't care about contents; nuking /usr/local/lib/node_modules/gig/node_modules/minimist
776 silly gentlyRm /usr/local/lib/node_modules/gig/node_modules/minimist is being purged from base /usr/local/lib
777 verbose gentlyRm don't care about contents; nuking /usr/local/lib/node_modules/gig/node_modules/minimist
778 silly gentlyRm /usr/local/lib/node_modules/gig/node_modules/minimist is being purged from base /usr/local/lib
779 verbose gentlyRm don't care about contents; nuking /usr/local/lib/node_modules/gig/node_modules/minimist
780 silly gentlyRm /usr/local/lib/node_modules/gig/node_modules/minimist is being purged from base /usr/local/lib
781 verbose gentlyRm don't care about contents; nuking /usr/local/lib/node_modules/gig/node_modules/minimist
782 silly gentlyRm /usr/local/lib/node_modules/gig/node_modules/minimist is being purged from base /usr/local/lib
783 verbose gentlyRm don't care about contents; nuking /usr/local/lib/node_modules/gig/node_modules/minimist
784 silly gentlyRm /usr/local/lib/node_modules/gig/node_modules/minimist is being purged from base /usr/local/lib
785 verbose gentlyRm don't care about contents; nuking /usr/local/lib/node_modules/gig/node_modules/minimist
786 silly gentlyRm /usr/local/lib/node_modules/gig/node_modules/minimist is being purged from base /usr/local/lib
787 verbose gentlyRm don't care about contents; nuking /usr/local/lib/node_modules/gig/node_modules/minimist
788 silly gentlyRm /usr/local/lib/node_modules/gig/node_modules/minimist is being purged from base /usr/local/lib
789 verbose gentlyRm don't care about contents; nuking /usr/local/lib/node_modules/gig/node_modules/minimist
790 silly gentlyRm /usr/local/lib/node_modules/gig/node_modules/colors is being purged from base /usr/local/lib
791 verbose gentlyRm don't care about contents; nuking /usr/local/lib/node_modules/gig/node_modules/colors
792 silly gentlyRm /usr/local/lib/node_modules/gig/node_modules/colors is being purged from base /usr/local/lib
793 verbose gentlyRm don't care about contents; nuking /usr/local/lib/node_modules/gig/node_modules/colors
794 silly gentlyRm /usr/local/lib/node_modules/gig/node_modules/colors is being purged from base /usr/local/lib
795 verbose gentlyRm don't care about contents; nuking /usr/local/lib/node_modules/gig/node_modules/colors
796 silly gentlyRm /usr/local/lib/node_modules/gig/node_modules/colors is being purged from base /usr/local/lib
797 verbose gentlyRm don't care about contents; nuking /usr/local/lib/node_modules/gig/node_modules/colors
798 silly gentlyRm /usr/local/lib/node_modules/gig/node_modules/colors is being purged from base /usr/local/lib
799 verbose gentlyRm don't care about contents; nuking /usr/local/lib/node_modules/gig/node_modules/colors
800 silly gentlyRm /usr/local/lib/node_modules/gig/node_modules/colors is being purged from base /usr/local/lib
801 verbose gentlyRm don't care about contents; nuking /usr/local/lib/node_modules/gig/node_modules/colors
802 silly gentlyRm /usr/local/lib/node_modules/gig/node_modules/colors is being purged from base /usr/local/lib
803 verbose gentlyRm don't care about contents; nuking /usr/local/lib/node_modules/gig/node_modules/colors
804 silly gentlyRm /usr/local/lib/node_modules/gig/node_modules/colors is being purged from base /usr/local/lib
805 verbose gentlyRm don't care about contents; nuking /usr/local/lib/node_modules/gig/node_modules/colors
806 silly gentlyRm /usr/local/lib/node_modules/gig/node_modules/mkdirp is being purged from base /usr/local/lib
807 verbose gentlyRm don't care about contents; nuking /usr/local/lib/node_modules/gig/node_modules/mkdirp
808 silly gentlyRm /usr/local/lib/node_modules/gig/node_modules/mkdirp is being purged from base /usr/local/lib
809 verbose gentlyRm don't care about contents; nuking /usr/local/lib/node_modules/gig/node_modules/mkdirp
810 silly gentlyRm /usr/local/lib/node_modules/gig/node_modules/mkdirp is being purged from base /usr/local/lib
811 verbose gentlyRm don't care about contents; nuking /usr/local/lib/node_modules/gig/node_modules/mkdirp
812 silly gentlyRm /usr/local/lib/node_modules/gig/node_modules/mkdirp is being purged from base /usr/local/lib
813 verbose gentlyRm don't care about contents; nuking /usr/local/lib/node_modules/gig/node_modules/mkdirp
814 silly gentlyRm /usr/local/lib/node_modules/gig/node_modules/mkdirp is being purged from base /usr/local/lib
815 verbose gentlyRm don't care about contents; nuking /usr/local/lib/node_modules/gig/node_modules/mkdirp
816 silly gentlyRm /usr/local/lib/node_modules/gig/node_modules/mkdirp is being purged from base /usr/local/lib
817 verbose gentlyRm don't care about contents; nuking /usr/local/lib/node_modules/gig/node_modules/mkdirp
818 silly gentlyRm /usr/local/lib/node_modules/gig/node_modules/mkdirp is being purged from base /usr/local/lib
819 verbose gentlyRm don't care about contents; nuking /usr/local/lib/node_modules/gig/node_modules/mkdirp
820 silly gentlyRm /usr/local/lib/node_modules/gig/node_modules/mkdirp is being purged from base /usr/local/lib
821 verbose gentlyRm don't care about contents; nuking /usr/local/lib/node_modules/gig/node_modules/mkdirp
822 silly gentlyRm /usr/local/lib/node_modules/gig/node_modules/nopt is being purged from base /usr/local/lib
823 verbose gentlyRm don't care about contents; nuking /usr/local/lib/node_modules/gig/node_modules/nopt
824 silly gentlyRm /usr/local/lib/node_modules/gig/node_modules/nopt is being purged from base /usr/local/lib
825 verbose gentlyRm don't care about contents; nuking /usr/local/lib/node_modules/gig/node_modules/nopt
826 silly gentlyRm /usr/local/lib/node_modules/gig/node_modules/nopt is being purged from base /usr/local/lib
827 verbose gentlyRm don't care about contents; nuking /usr/local/lib/node_modules/gig/node_modules/nopt
828 silly gentlyRm /usr/local/lib/node_modules/gig/node_modules/nopt is being purged from base /usr/local/lib
829 verbose gentlyRm don't care about contents; nuking /usr/local/lib/node_modules/gig/node_modules/nopt
830 silly gentlyRm /usr/local/lib/node_modules/gig/node_modules/nopt is being purged from base /usr/local/lib
831 verbose gentlyRm don't care about contents; nuking /usr/local/lib/node_modules/gig/node_modules/nopt
832 silly gentlyRm /usr/local/lib/node_modules/gig/node_modules/nopt is being purged from base /usr/local/lib
833 verbose gentlyRm don't care about contents; nuking /usr/local/lib/node_modules/gig/node_modules/nopt
834 silly gentlyRm /usr/local/lib/node_modules/gig/node_modules/nopt is being purged from base /usr/local/lib
835 verbose gentlyRm don't care about contents; nuking /usr/local/lib/node_modules/gig/node_modules/nopt
836 silly gentlyRm /usr/local/lib/node_modules/gig/node_modules/nopt is being purged from base /usr/local/lib
837 verbose gentlyRm don't care about contents; nuking /usr/local/lib/node_modules/gig/node_modules/nopt
838 silly gentlyRm /usr/local/lib/node_modules/gig is being purged from base /usr/local/lib
839 verbose gentlyRm don't care about contents; nuking /usr/local/lib/node_modules/gig
840 silly gentlyRm /usr/local/lib/node_modules/gig is being purged from base /usr/local/lib
841 verbose gentlyRm don't care about contents; nuking /usr/local/lib/node_modules/gig
842 silly gentlyRm /usr/local/lib/node_modules/gig is being purged from base /usr/local/lib
843 verbose gentlyRm don't care about contents; nuking /usr/local/lib/node_modules/gig
844 silly gentlyRm /usr/local/lib/node_modules/gig is being purged from base /usr/local/lib
845 verbose gentlyRm don't care about contents; nuking /usr/local/lib/node_modules/gig
846 silly gentlyRm /usr/local/lib/node_modules/gig is being purged from base /usr/local/lib
847 verbose gentlyRm don't care about contents; nuking /usr/local/lib/node_modules/gig
848 silly gentlyRm /usr/local/lib/node_modules/gig is being purged from base /usr/local/lib
849 verbose gentlyRm don't care about contents; nuking /usr/local/lib/node_modules/gig
850 silly gentlyRm /usr/local/lib/node_modules/gig is being purged from base /usr/local/lib
851 verbose gentlyRm don't care about contents; nuking /usr/local/lib/node_modules/gig
852 silly gentlyRm /usr/local/lib/node_modules/gig is being purged from base /usr/local/lib
853 verbose gentlyRm don't care about contents; nuking /usr/local/lib/node_modules/gig
854 silly vacuum-fs purging /usr/local/lib/node_modules/gig/node_modules/abbrev
855 silly vacuum-fs purging /usr/local/lib/node_modules/gig/node_modules/abbrev
856 silly vacuum-fs purging /usr/local/lib/node_modules/gig/node_modules/abbrev
857 silly vacuum-fs purging /usr/local/lib/node_modules/gig/node_modules/abbrev
858 silly vacuum-fs purging /usr/local/lib/node_modules/gig/node_modules/abbrev
859 silly vacuum-fs purging /usr/local/lib/node_modules/gig/node_modules/abbrev
860 silly vacuum-fs purging /usr/local/lib/node_modules/gig/node_modules/abbrev
861 silly vacuum-fs purging /usr/local/lib/node_modules/gig/node_modules/abbrev
862 silly vacuum-fs purging /usr/local/lib/node_modules/gig/node_modules/minimist
863 silly vacuum-fs purging /usr/local/lib/node_modules/gig/node_modules/minimist
864 silly vacuum-fs purging /usr/local/lib/node_modules/gig/node_modules/minimist
865 silly vacuum-fs purging /usr/local/lib/node_modules/gig/node_modules/minimist
866 silly vacuum-fs purging /usr/local/lib/node_modules/gig/node_modules/minimist
867 silly vacuum-fs purging /usr/local/lib/node_modules/gig/node_modules/minimist
868 silly vacuum-fs purging /usr/local/lib/node_modules/gig/node_modules/minimist
869 silly vacuum-fs purging /usr/local/lib/node_modules/gig/node_modules/minimist
870 silly vacuum-fs purging /usr/local/lib/node_modules/gig/node_modules/colors
871 silly vacuum-fs purging /usr/local/lib/node_modules/gig/node_modules/colors
872 silly vacuum-fs purging /usr/local/lib/node_modules/gig/node_modules/colors
873 silly vacuum-fs purging /usr/local/lib/node_modules/gig/node_modules/colors
874 silly vacuum-fs purging /usr/local/lib/node_modules/gig/node_modules/colors
875 silly vacuum-fs purging /usr/local/lib/node_modules/gig/node_modules/colors
876 silly vacuum-fs purging /usr/local/lib/node_modules/gig/node_modules/colors
877 silly vacuum-fs purging /usr/local/lib/node_modules/gig/node_modules/colors
878 silly vacuum-fs purging /usr/local/lib/node_modules/gig/node_modules/mkdirp
879 silly vacuum-fs purging /usr/local/lib/node_modules/gig/node_modules/mkdirp
880 silly vacuum-fs purging /usr/local/lib/node_modules/gig/node_modules/mkdirp
881 silly vacuum-fs purging /usr/local/lib/node_modules/gig/node_modules/mkdirp
882 silly vacuum-fs purging /usr/local/lib/node_modules/gig/node_modules/mkdirp
883 silly vacuum-fs purging /usr/local/lib/node_modules/gig/node_modules/mkdirp
884 silly vacuum-fs purging /usr/local/lib/node_modules/gig/node_modules/mkdirp
885 silly vacuum-fs purging /usr/local/lib/node_modules/gig/node_modules/mkdirp
886 silly vacuum-fs purging /usr/local/lib/node_modules/gig/node_modules/nopt
887 silly vacuum-fs purging /usr/local/lib/node_modules/gig/node_modules/nopt
888 silly vacuum-fs purging /usr/local/lib/node_modules/gig/node_modules/nopt
889 silly vacuum-fs purging /usr/local/lib/node_modules/gig/node_modules/nopt
890 silly vacuum-fs purging /usr/local/lib/node_modules/gig/node_modules/nopt
891 silly vacuum-fs purging /usr/local/lib/node_modules/gig/node_modules/nopt
892 silly vacuum-fs purging /usr/local/lib/node_modules/gig/node_modules/nopt
893 silly vacuum-fs purging /usr/local/lib/node_modules/gig/node_modules/nopt
894 silly vacuum-fs purging /usr/local/lib/node_modules/gig
895 silly vacuum-fs purging /usr/local/lib/node_modules/gig
896 silly vacuum-fs purging /usr/local/lib/node_modules/gig
897 silly vacuum-fs purging /usr/local/lib/node_modules/gig
898 silly vacuum-fs purging /usr/local/lib/node_modules/gig
899 silly vacuum-fs purging /usr/local/lib/node_modules/gig
900 silly vacuum-fs purging /usr/local/lib/node_modules/gig
901 silly vacuum-fs purging /usr/local/lib/node_modules/gig
902 silly vacuum-fs quitting because other entries in /usr/local/lib/node_modules/gig/node_modules
903 silly vacuum-fs quitting because other entries in /usr/local/lib/node_modules/gig/node_modules
904 silly vacuum-fs quitting because other entries in /usr/local/lib/node_modules/gig/node_modules
905 silly vacuum-fs quitting because other entries in /usr/local/lib/node_modules/gig/node_modules
906 silly vacuum-fs quitting because other entries in /usr/local/lib/node_modules/gig/node_modules
907 silly vacuum-fs quitting because other entries in /usr/local/lib/node_modules/gig/node_modules
908 silly vacuum-fs quitting because other entries in /usr/local/lib/node_modules/gig/node_modules
909 silly vacuum-fs quitting because other entries in /usr/local/lib/node_modules/gig/node_modules
910 silly vacuum-fs quitting because other entries in /usr/local/lib/node_modules/gig/node_modules
911 silly vacuum-fs quitting because other entries in /usr/local/lib/node_modules/gig/node_modules
912 silly vacuum-fs quitting because other entries in /usr/local/lib/node_modules/gig/node_modules
913 silly vacuum-fs quitting because other entries in /usr/local/lib/node_modules/gig/node_modules
914 silly vacuum-fs quitting because other entries in /usr/local/lib/node_modules/gig/node_modules
915 silly vacuum-fs quitting because other entries in /usr/local/lib/node_modules/gig/node_modules
916 silly vacuum-fs quitting because other entries in /usr/local/lib/node_modules/gig/node_modules
917 silly vacuum-fs quitting because other entries in /usr/local/lib/node_modules/gig/node_modules
918 silly vacuum-fs quitting because other entries in /usr/local/lib/node_modules/gig/node_modules
919 silly vacuum-fs quitting because other entries in /usr/local/lib/node_modules/gig/node_modules
920 silly vacuum-fs quitting because other entries in /usr/local/lib/node_modules/gig/node_modules
921 silly vacuum-fs quitting because other entries in /usr/local/lib/node_modules/gig/node_modules
922 silly vacuum-fs quitting because other entries in /usr/local/lib/node_modules/gig/node_modules
923 silly vacuum-fs quitting because other entries in /usr/local/lib/node_modules/gig/node_modules
924 silly vacuum-fs quitting because other entries in /usr/local/lib/node_modules/gig/node_modules
925 silly vacuum-fs quitting because other entries in /usr/local/lib/node_modules/gig/node_modules
926 silly vacuum-fs quitting because other entries in /usr/local/lib/node_modules/gig/node_modules
927 silly vacuum-fs quitting because other entries in /usr/local/lib/node_modules/gig/node_modules
928 silly vacuum-fs quitting because other entries in /usr/local/lib/node_modules/gig/node_modules
929 silly vacuum-fs quitting because other entries in /usr/local/lib/node_modules/gig/node_modules
930 silly vacuum-fs quitting because other entries in /usr/local/lib/node_modules/gig/node_modules
931 silly vacuum-fs quitting because other entries in /usr/local/lib/node_modules/gig/node_modules
932 silly vacuum-fs quitting because other entries in /usr/local/lib/node_modules/gig/node_modules
933 silly vacuum-fs quitting because other entries in /usr/local/lib/node_modules/gig/node_modules
934 silly vacuum-fs removing /usr/local/lib/node_modules/gig/node_modules
935 silly vacuum-fs removing /usr/local/lib/node_modules/gig/node_modules
936 silly vacuum-fs removing /usr/local/lib/node_modules/gig/node_modules
937 silly vacuum-fs removing /usr/local/lib/node_modules/gig/node_modules
938 silly vacuum-fs removing /usr/local/lib/node_modules/gig/node_modules
939 silly vacuum-fs removing /usr/local/lib/node_modules/gig/node_modules
940 silly vacuum-fs removing /usr/local/lib/node_modules/gig/node_modules
941 silly vacuum-fs removing /usr/local/lib/node_modules/gig/node_modules
942 silly vacuum-fs quitting because other entries in /usr/local/lib/node_modules
943 silly vacuum-fs quitting because other entries in /usr/local/lib/node_modules
944 silly vacuum-fs quitting because other entries in /usr/local/lib/node_modules
945 silly vacuum-fs quitting because other entries in /usr/local/lib/node_modules
946 silly vacuum-fs quitting because other entries in /usr/local/lib/node_modules
947 silly vacuum-fs quitting because other entries in /usr/local/lib/node_modules
948 silly vacuum-fs quitting because other entries in /usr/local/lib/node_modules
949 silly vacuum-fs quitting because other entries in /usr/local/lib/node_modules
950 silly rollbackFailedOptional Finishing
951 silly runTopLevelLifecycles Finishing
952 silly install printInstalled
953 verbose stack Error: gig@1.0.0 install: `gig init`
953 verbose stack Exit status 1
953 verbose stack     at EventEmitter.<anonymous> (/usr/local/lib/node_modules/npm/lib/utils/lifecycle.js:279:16)
953 verbose stack     at emitTwo (events.js:106:13)
953 verbose stack     at EventEmitter.emit (events.js:191:7)
953 verbose stack     at ChildProcess.<anonymous> (/usr/local/lib/node_modules/npm/lib/utils/spawn.js:40:14)
953 verbose stack     at emitTwo (events.js:106:13)
953 verbose stack     at ChildProcess.emit (events.js:191:7)
953 verbose stack     at maybeClose (internal/child_process.js:885:16)
953 verbose stack     at Process.ChildProcess._handle.onexit (internal/child_process.js:226:5)
954 verbose pkgid gig@1.0.0
955 verbose cwd /home/jacko/Documentos/SYTW/Heroku_pruebas/gitbook-start-heroku-t-noejaco
956 error Linux 4.4.0-51-generic
957 error argv "/usr/local/bin/node" "/usr/local/bin/npm" "install" "-g" "gig"
958 error node v7.2.0
959 error npm  v4.0.3
960 error code ELIFECYCLE
961 error gig@1.0.0 install: `gig init`
961 error Exit status 1
962 error Failed at the gig@1.0.0 install script 'gig init'.
962 error Make sure you have the latest version of node.js and npm installed.
962 error If you do, this is most likely a problem with the gig package,
962 error not with npm itself.
962 error Tell the author that this fails on your system:
962 error     gig init
962 error You can get information on how to open an issue for this project with:
962 error     npm bugs gig
962 error Or if that isn't available, you can get their info via:
962 error     npm owner ls gig
962 error There is likely additional logging output above.
963 verbose exit [ 1, true ]
